This file contains any messages produced by compilers while
running configure, to aid debugging if configure makes a mistake.

It was created by jansson configure 2.5, which was
generated by GNU Autoconf 2.69.  Invocation command line was

  $ ./configure --disable-option-checking --prefix=/usr/local --cache-file=/dev/null --srcdir=.

## --------- ##
## Platform. ##
## --------- ##

hostname = mining
uname -m = x86_64
uname -r = 3.12.5-gentoo
uname -s = Linux
uname -v = #5 SMP Tue Dec 24 12:22:15 CET 2013

/usr/bin/uname -p = AMD A4-4000 APU with Radeon(tm) HD Graphics
/bin/uname -X     = unknown

/bin/arch              = unknown
/usr/bin/arch -k       = unknown
/usr/convex/getsysinfo = unknown
/usr/bin/hostinfo      = unknown
/bin/machine           = unknown
/usr/bin/oslevel       = unknown
/bin/universe          = unknown

PATH: /usr/local/bin
PATH: /usr/bin
PATH: /bin
PATH: /opt/bin
PATH: /usr/x86_64-pc-linux-gnu/gcc-bin/4.7.3
PATH: /opt/AMDAPP/bin


## ----------- ##
## Core tests. ##
## ----------- ##

configure:2325: checking for a BSD-compatible install
configure:2393: result: /usr/bin/install -c
configure:2404: checking whether build environment is sane
configure:2454: result: yes
configure:2595: checking for a thread-safe mkdir -p
configure:2634: result: /bin/mkdir -p
configure:2647: checking for gawk
configure:2663: found /usr/bin/gawk
configure:2674: result: gawk
configure:2685: checking whether make sets $(MAKE)
configure:2707: result: yes
configure:2841: checking for gcc
configure:2857: found /usr/bin/gcc
configure:2868: result: gcc
configure:3097: checking for C compiler version
configure:3106: gcc --version >&5
gcc (Gentoo 4.7.3-r1 p1.3, pie-0.5.5) 4.7.3
Copyright (C) 2012 Free Software Foundation, Inc.
This is free software; see the source for copying conditions.  There is NO
warranty; not even for MERCHANTABILITY or FITNESS FOR A PARTICULAR PURPOSE.

configure:3117: $? = 0
configure:3106: gcc -v >&5
Using built-in specs.
COLLECT_GCC=/usr/x86_64-pc-linux-gnu/gcc-bin/4.7.3/gcc
COLLECT_LTO_WRAPPER=/usr/libexec/gcc/x86_64-pc-linux-gnu/4.7.3/lto-wrapper
Target: x86_64-pc-linux-gnu
Configured with: /var/tmp/portage/sys-devel/gcc-4.7.3-r1/work/gcc-4.7.3/configure --prefix=/usr --bindir=/usr/x86_64-pc-linux-gnu/gcc-bin/4.7.3 --includedir=/usr/lib/gcc/x86_64-pc-linux-gnu/4.7.3/include --datadir=/usr/share/gcc-data/x86_64-pc-linux-gnu/4.7.3 --mandir=/usr/share/gcc-data/x86_64-pc-linux-gnu/4.7.3/man --infodir=/usr/share/gcc-data/x86_64-pc-linux-gnu/4.7.3/info --with-gxx-include-dir=/usr/lib/gcc/x86_64-pc-linux-gnu/4.7.3/include/g++-v4 --host=x86_64-pc-linux-gnu --build=x86_64-pc-linux-gnu --disable-altivec --disable-fixed-point --without-cloog --without-ppl --disable-lto --enable-nls --without-included-gettext --with-system-zlib --enable-obsolete --disable-werror --enable-secureplt --enable-multilib --with-multilib-list=m32,m64 --enable-libmudflap --disable-libssp --enable-libgomp --with-python-dir=/share/gcc-data/x86_64-pc-linux-gnu/4.7.3/python --enable-checking=release --disable-libgcj --enable-libstdcxx-time --enable-languages=c,c++,fortran --enable-shared --enable-threads=posix --enable-__cxa_atexit --enable-clocale=gnu --enable-targets=all --with-bugurl=http://bugs.gentoo.org/ --with-pkgversion='Gentoo 4.7.3-r1 p1.3, pie-0.5.5'
Thread model: posix
gcc version 4.7.3 (Gentoo 4.7.3-r1 p1.3, pie-0.5.5) 
configure:3117: $? = 0
configure:3106: gcc -V >&5
gcc: error: unrecognized command line option '-V'
gcc: fatal error: no input files
compilation terminated.
configure:3117: $? = 1
configure:3106: gcc -qversion >&5
gcc: error: unrecognized command line option '-qversion'
gcc: fatal error: no input files
compilation terminated.
configure:3117: $? = 1
configure:3137: checking whether the C compiler works
configure:3159: gcc    conftest.c  >&5
configure:3163: $? = 0
configure:3211: result: yes
configure:3214: checking for C compiler default output file name
configure:3216: result: a.out
configure:3222: checking for suffix of executables
configure:3229: gcc -o conftest    conftest.c  >&5
configure:3233: $? = 0
configure:3255: result: 
configure:3277: checking whether we are cross compiling
configure:3285: gcc -o conftest    conftest.c  >&5
configure:3289: $? = 0
configure:3296: ./conftest
configure:3300: $? = 0
configure:3315: result: no
configure:3320: checking for suffix of object files
configure:3342: gcc -c   conftest.c >&5
configure:3346: $? = 0
configure:3367: result: o
configure:3371: checking whether we are using the GNU C compiler
configure:3390: gcc -c   conftest.c >&5
configure:3390: $? = 0
configure:3399: result: yes
configure:3408: checking whether gcc accepts -g
configure:3428: gcc -c -g  conftest.c >&5
configure:3428: $? = 0
configure:3469: result: yes
configure:3486: checking for gcc option to accept ISO C89
configure:3549: gcc  -c -g -O2  conftest.c >&5
configure:3549: $? = 0
configure:3562: result: none needed
configure:3593: checking for style of include used by make
configure:3621: result: GNU
configure:3647: checking dependency style of gcc
configure:3758: result: gcc3
configure:3802: checking build system type
configure:3816: result: x86_64-unknown-linux-gnu
configure:3836: checking host system type
configure:3849: result: x86_64-unknown-linux-gnu
configure:3890: checking how to print strings
configure:3917: result: printf
configure:3938: checking for a sed that does not truncate output
configure:4002: result: /bin/sed
configure:4020: checking for grep that handles long lines and -e
configure:4078: result: /bin/grep
configure:4083: checking for egrep
configure:4145: result: /bin/grep -E
configure:4150: checking for fgrep
configure:4212: result: /bin/grep -F
configure:4247: checking for ld used by gcc
configure:4314: result: /usr/x86_64-pc-linux-gnu/bin/ld
configure:4321: checking if the linker (/usr/x86_64-pc-linux-gnu/bin/ld) is GNU ld
configure:4336: result: yes
configure:4348: checking for BSD- or MS-compatible name lister (nm)
configure:4397: result: /usr/bin/nm -B
configure:4527: checking the name lister (/usr/bin/nm -B) interface
configure:4534: gcc -c -g -O2  conftest.c >&5
configure:4537: /usr/bin/nm -B "conftest.o"
configure:4540: output
0000000000000000 B some_variable
configure:4547: result: BSD nm
configure:4550: checking whether ln -s works
configure:4554: result: yes
configure:4562: checking the maximum length of command line arguments
configure:4693: result: 1572864
configure:4710: checking whether the shell understands some XSI constructs
configure:4720: result: yes
configure:4724: checking whether the shell understands "+="
configure:4730: result: yes
configure:4765: checking how to convert x86_64-unknown-linux-gnu file names to x86_64-unknown-linux-gnu format
configure:4805: result: func_convert_file_noop
configure:4812: checking how to convert x86_64-unknown-linux-gnu file names to toolchain format
configure:4832: result: func_convert_file_noop
configure:4839: checking for /usr/x86_64-pc-linux-gnu/bin/ld option to reload object files
configure:4846: result: -r
configure:4920: checking for objdump
configure:4936: found /usr/bin/objdump
configure:4947: result: objdump
configure:4979: checking how to recognize dependent libraries
configure:5177: result: pass_all
configure:5262: checking for dlltool
configure:5292: result: no
configure:5322: checking how to associate runtime and link libraries
configure:5349: result: printf %s\n
configure:5410: checking for ar
configure:5426: found /usr/bin/ar
configure:5437: result: ar
configure:5474: checking for archiver @FILE support
configure:5491: gcc -c -g -O2  conftest.c >&5
configure:5491: $? = 0
configure:5494: ar cru libconftest.a @conftest.lst >&5
configure:5497: $? = 0
configure:5502: ar cru libconftest.a @conftest.lst >&5
ar: conftest.o: No such file or directory
configure:5505: $? = 1
configure:5517: result: @
configure:5575: checking for strip
configure:5591: found /usr/bin/strip
configure:5602: result: strip
configure:5674: checking for ranlib
configure:5690: found /usr/bin/ranlib
configure:5701: result: ranlib
configure:5803: checking command to parse /usr/bin/nm -B output from gcc object
configure:5923: gcc -c -g -O2  conftest.c >&5
configure:5926: $? = 0
configure:5930: /usr/bin/nm -B conftest.o \| sed -n -e 's/^.*[ ]\([ABCDGIRSTW][ABCDGIRSTW]*\)[ ][ ]*\([_A-Za-z][_A-Za-z0-9]*\)$/\1 \2 \2/p' | sed '/ __gnu_lto/d' \> conftest.nm
configure:5933: $? = 0
configure:5999: gcc -o conftest -g -O2   conftest.c conftstm.o >&5
configure:6002: $? = 0
configure:6040: result: ok
configure:6077: checking for sysroot
configure:6107: result: no
configure:6184: gcc -c -g -O2  conftest.c >&5
configure:6187: $? = 0
configure:6370: checking for mt
configure:6400: result: no
configure:6420: checking if : is a manifest tool
configure:6426: : '-?'
configure:6434: result: no
configure:7076: checking how to run the C preprocessor
configure:7107: gcc -E  conftest.c
configure:7107: $? = 0
configure:7121: gcc -E  conftest.c
conftest.c:11:28: fatal error: ac_nonexistent.h: No such file or directory
compilation terminated.
configure:7121: $? = 1
configure: failed program was:
| /* confdefs.h */
| #define PACKAGE_NAME "jansson"
| #define PACKAGE_TARNAME "jansson"
| #define PACKAGE_VERSION "2.5"
| #define PACKAGE_STRING "jansson 2.5"
| #define PACKAGE_BUGREPORT "petri@digip.org"
| #define PACKAGE_URL ""
| #define PACKAGE "jansson"
| #define VERSION "2.5"
| /* end confdefs.h.  */
| #include <ac_nonexistent.h>
configure:7146: result: gcc -E
configure:7166: gcc -E  conftest.c
configure:7166: $? = 0
configure:7180: gcc -E  conftest.c
conftest.c:11:28: fatal error: ac_nonexistent.h: No such file or directory
compilation terminated.
configure:7180: $? = 1
configure: failed program was:
| /* confdefs.h */
| #define PACKAGE_NAME "jansson"
| #define PACKAGE_TARNAME "jansson"
| #define PACKAGE_VERSION "2.5"
| #define PACKAGE_STRING "jansson 2.5"
| #define PACKAGE_BUGREPORT "petri@digip.org"
| #define PACKAGE_URL ""
| #define PACKAGE "jansson"
| #define VERSION "2.5"
| /* end confdefs.h.  */
| #include <ac_nonexistent.h>
configure:7209: checking for ANSI C header files
configure:7229: gcc -c -g -O2  conftest.c >&5
configure:7229: $? = 0
configure:7302: gcc -o conftest -g -O2   conftest.c  >&5
configure:7302: $? = 0
configure:7302: ./conftest
configure:7302: $? = 0
configure:7313: result: yes
configure:7326: checking for sys/types.h
configure:7326: gcc -c -g -O2  conftest.c >&5
configure:7326: $? = 0
configure:7326: result: yes
configure:7326: checking for sys/stat.h
configure:7326: gcc -c -g -O2  conftest.c >&5
configure:7326: $? = 0
configure:7326: result: yes
configure:7326: checking for stdlib.h
configure:7326: gcc -c -g -O2  conftest.c >&5
configure:7326: $? = 0
configure:7326: result: yes
configure:7326: checking for string.h
configure:7326: gcc -c -g -O2  conftest.c >&5
configure:7326: $? = 0
configure:7326: result: yes
configure:7326: checking for memory.h
configure:7326: gcc -c -g -O2  conftest.c >&5
configure:7326: $? = 0
configure:7326: result: yes
configure:7326: checking for strings.h
configure:7326: gcc -c -g -O2  conftest.c >&5
configure:7326: $? = 0
configure:7326: result: yes
configure:7326: checking for inttypes.h
configure:7326: gcc -c -g -O2  conftest.c >&5
configure:7326: $? = 0
configure:7326: result: yes
configure:7326: checking for stdint.h
configure:7326: gcc -c -g -O2  conftest.c >&5
configure:7326: $? = 0
configure:7326: result: yes
configure:7326: checking for unistd.h
configure:7326: gcc -c -g -O2  conftest.c >&5
configure:7326: $? = 0
configure:7326: result: yes
configure:7340: checking for dlfcn.h
configure:7340: gcc -c -g -O2  conftest.c >&5
configure:7340: $? = 0
configure:7340: result: yes
configure:7546: checking for objdir
configure:7561: result: .libs
configure:7832: checking if gcc supports -fno-rtti -fno-exceptions
configure:7850: gcc -c -g -O2  -fno-rtti -fno-exceptions conftest.c >&5
cc1: warning: command line option '-fno-rtti' is valid for C++/ObjC++ but not for C [enabled by default]
configure:7854: $? = 0
configure:7867: result: no
configure:8194: checking for gcc option to produce PIC
configure:8201: result: -fPIC -DPIC
configure:8209: checking if gcc PIC flag -fPIC -DPIC works
configure:8227: gcc -c -g -O2  -fPIC -DPIC -DPIC conftest.c >&5
configure:8231: $? = 0
configure:8244: result: yes
configure:8273: checking if gcc static flag -static works
configure:8301: result: yes
configure:8316: checking if gcc supports -c -o file.o
configure:8337: gcc -c -g -O2  -o out/conftest2.o conftest.c >&5
configure:8341: $? = 0
configure:8363: result: yes
configure:8371: checking if gcc supports -c -o file.o
configure:8418: result: yes
configure:8451: checking whether the gcc linker (/usr/x86_64-pc-linux-gnu/bin/ld -m elf_x86_64) supports shared libraries
configure:9608: result: yes
configure:9645: checking whether -lc should be explicitly linked in
configure:9653: gcc -c -g -O2  conftest.c >&5
configure:9656: $? = 0
configure:9671: gcc -shared  -fPIC -DPIC conftest.o  -v -Wl,-soname -Wl,conftest -o conftest 2\>\&1 \| /bin/grep  -lc  \>/dev/null 2\>\&1
configure:9674: $? = 0
configure:9688: result: no
configure:9848: checking dynamic linker characteristics
configure:10348: gcc -o conftest -g -O2   -Wl,-rpath -Wl,/foo conftest.c  >&5
configure:10348: $? = 0
configure:10582: result: GNU/Linux ld.so
configure:10689: checking how to hardcode library paths into programs
configure:10714: result: immediate
configure:11254: checking whether stripping libraries is possible
configure:11259: result: yes
configure:11294: checking if libtool supports shared libraries
configure:11296: result: yes
configure:11299: checking whether to build shared libraries
configure:11320: result: yes
configure:11323: checking whether to build static libraries
configure:11327: result: yes
configure:11378: checking locale.h usability
configure:11378: gcc -c -g -O2  conftest.c >&5
configure:11378: $? = 0
configure:11378: result: yes
configure:11378: checking locale.h presence
configure:11378: gcc -E  conftest.c
configure:11378: $? = 0
configure:11378: result: yes
configure:11378: checking for locale.h
configure:11378: result: yes
configure:11390: checking for int32_t
configure:11390: gcc -c -g -O2  conftest.c >&5
configure:11390: $? = 0
configure:11390: gcc -c -g -O2  conftest.c >&5
conftest.c: In function 'main':
conftest.c:62:53: warning: integer overflow in expression [-Woverflow]
conftest.c:61:12: error: storage size of 'test_array' isn't constant
configure:11390: $? = 1
configure: failed program was:
| /* confdefs.h */
| #define PACKAGE_NAME "jansson"
| #define PACKAGE_TARNAME "jansson"
| #define PACKAGE_VERSION "2.5"
| #define PACKAGE_STRING "jansson 2.5"
| #define PACKAGE_BUGREPORT "petri@digip.org"
| #define PACKAGE_URL ""
| #define PACKAGE "jansson"
| #define VERSION "2.5"
| #define STDC_HEADERS 1
| #define HAVE_SYS_TYPES_H 1
| #define HAVE_SYS_STAT_H 1
| #define HAVE_STDLIB_H 1
| #define HAVE_STRING_H 1
| #define HAVE_MEMORY_H 1
| #define HAVE_STRINGS_H 1
| #define HAVE_INTTYPES_H 1
| #define HAVE_STDINT_H 1
| #define HAVE_UNISTD_H 1
| #define HAVE_DLFCN_H 1
| #define LT_OBJDIR ".libs/"
| #define HAVE_LOCALE_H 1
| /* end confdefs.h.  */
| #include <stdio.h>
| #ifdef HAVE_SYS_TYPES_H
| # include <sys/types.h>
| #endif
| #ifdef HAVE_SYS_STAT_H
| # include <sys/stat.h>
| #endif
| #ifdef STDC_HEADERS
| # include <stdlib.h>
| # include <stddef.h>
| #else
| # ifdef HAVE_STDLIB_H
| #  include <stdlib.h>
| # endif
| #endif
| #ifdef HAVE_STRING_H
| # if !defined STDC_HEADERS && defined HAVE_MEMORY_H
| #  include <memory.h>
| # endif
| # include <string.h>
| #endif
| #ifdef HAVE_STRINGS_H
| # include <strings.h>
| #endif
| #ifdef HAVE_INTTYPES_H
| # include <inttypes.h>
| #endif
| #ifdef HAVE_STDINT_H
| # include <stdint.h>
| #endif
| #ifdef HAVE_UNISTD_H
| # include <unistd.h>
| #endif
| 	        enum { N = 32 / 2 - 1 };
| int
| main ()
| {
| static int test_array [1 - 2 * !((int32_t) (((((int32_t) 1 << N) << N) - 1) * 2 + 1)
| 		 < (int32_t) (((((int32_t) 1 << N) << N) - 1) * 2 + 2))];
| test_array [0] = 0;
| return test_array [0];
| 
|   ;
|   return 0;
| }
configure:11390: result: yes
configure:11402: checking for long long int
configure:11439: gcc -o conftest -g -O2   conftest.c  >&5
configure:11439: $? = 0
configure:11469: gcc -o conftest -g -O2   conftest.c  >&5
configure:11469: $? = 0
configure:11469: ./conftest
configure:11469: $? = 0
configure:11484: result: yes
configure:11493: checking for inline
configure:11509: gcc -c -g -O2  conftest.c >&5
configure:11509: $? = 0
configure:11517: result: inline
configure:11546: checking for strtoll
configure:11546: gcc -o conftest -g -O2   conftest.c  >&5
configure:11546: $? = 0
configure:11546: result: yes
configure:11546: checking for localeconv
configure:11546: gcc -o conftest -g -O2   conftest.c  >&5
configure:11546: $? = 0
configure:11546: result: yes
configure:11704: creating ./config.status

## ---------------------- ##
## Running config.status. ##
## ---------------------- ##

This file was extended by jansson config.status 2.5, which was
generated by GNU Autoconf 2.69.  Invocation command line was

  CONFIG_FILES    = 
  CONFIG_HEADERS  = 
  CONFIG_LINKS    = 
  CONFIG_COMMANDS = 
  $ ./config.status 

on mining

config.status:1088: creating jansson.pc
config.status:1088: creating Makefile
config.status:1088: creating src/Makefile
config.status:1088: creating src/jansson_config.h
config.status:1088: creating config.h
config.status:1269: config.h is unchanged
config.status:1317: executing depfiles commands
config.status:1317: executing libtool commands

## ---------------- ##
## Cache variables. ##
## ---------------- ##

ac_cv_build=x86_64-unknown-linux-gnu
ac_cv_c_compiler_gnu=yes
ac_cv_c_inline=inline
ac_cv_c_int32_t=yes
ac_cv_env_CC_set=
ac_cv_env_CC_value=
ac_cv_env_CFLAGS_set=
ac_cv_env_CFLAGS_value=
ac_cv_env_CPPFLAGS_set=
ac_cv_env_CPPFLAGS_value=
ac_cv_env_CPP_set=
ac_cv_env_CPP_value=
ac_cv_env_LDFLAGS_set=
ac_cv_env_LDFLAGS_value=
ac_cv_env_LIBS_set=
ac_cv_env_LIBS_value=
ac_cv_env_build_alias_set=
ac_cv_env_build_alias_value=
ac_cv_env_host_alias_set=
ac_cv_env_host_alias_value=
ac_cv_env_target_alias_set=
ac_cv_env_target_alias_value=
ac_cv_func_localeconv=yes
ac_cv_func_strtoll=yes
ac_cv_header_dlfcn_h=yes
ac_cv_header_inttypes_h=yes
ac_cv_header_locale_h=yes
ac_cv_header_memory_h=yes
ac_cv_header_stdc=yes
ac_cv_header_stdint_h=yes
ac_cv_header_stdlib_h=yes
ac_cv_header_string_h=yes
ac_cv_header_strings_h=yes
ac_cv_header_sys_stat_h=yes
ac_cv_header_sys_types_h=yes
ac_cv_header_unistd_h=yes
ac_cv_host=x86_64-unknown-linux-gnu
ac_cv_objext=o
ac_cv_path_EGREP='/bin/grep -E'
ac_cv_path_FGREP='/bin/grep -F'
ac_cv_path_GREP=/bin/grep
ac_cv_path_SED=/bin/sed
ac_cv_path_install='/usr/bin/install -c'
ac_cv_path_mkdir=/bin/mkdir
ac_cv_prog_AWK=gawk
ac_cv_prog_CPP='gcc -E'
ac_cv_prog_ac_ct_AR=ar
ac_cv_prog_ac_ct_CC=gcc
ac_cv_prog_ac_ct_OBJDUMP=objdump
ac_cv_prog_ac_ct_RANLIB=ranlib
ac_cv_prog_ac_ct_STRIP=strip
ac_cv_prog_cc_c89=
ac_cv_prog_cc_g=yes
ac_cv_prog_make_make_set=yes
ac_cv_type_long_long_int=yes
am_cv_CC_dependencies_compiler_type=gcc3
lt_cv_ar_at_file=@
lt_cv_archive_cmds_need_lc=no
lt_cv_deplibs_check_method=pass_all
lt_cv_file_magic_cmd='$MAGIC_CMD'
lt_cv_file_magic_test_file=
lt_cv_ld_reload_flag=-r
lt_cv_nm_interface='BSD nm'
lt_cv_objdir=.libs
lt_cv_path_LD=/usr/x86_64-pc-linux-gnu/bin/ld
lt_cv_path_NM='/usr/bin/nm -B'
lt_cv_path_mainfest_tool=no
lt_cv_prog_compiler_c_o=yes
lt_cv_prog_compiler_pic='-fPIC -DPIC'
lt_cv_prog_compiler_pic_works=yes
lt_cv_prog_compiler_rtti_exceptions=no
lt_cv_prog_compiler_static_works=yes
lt_cv_prog_gnu_ld=yes
lt_cv_sharedlib_from_linklib_cmd='printf %s\n'
lt_cv_shlibpath_overrides_runpath=yes
lt_cv_sys_global_symbol_pipe='sed -n -e '\''s/^.*[	 ]\([ABCDGIRSTW][ABCDGIRSTW]*\)[	 ][	 ]*\([_A-Za-z][_A-Za-z0-9]*\)$/\1 \2 \2/p'\'' | sed '\''/ __gnu_lto/d'\'''
lt_cv_sys_global_symbol_to_c_name_address='sed -n -e '\''s/^: \([^ ]*\)[ ]*$/  {\"\1\", (void *) 0},/p'\'' -e '\''s/^[ABCDGIRSTW]* \([^ ]*\) \([^ ]*\)$/  {"\2", (void *) \&\2},/p'\'''
lt_cv_sys_global_symbol_to_c_name_address_lib_prefix='sed -n -e '\''s/^: \([^ ]*\)[ ]*$/  {\"\1\", (void *) 0},/p'\'' -e '\''s/^[ABCDGIRSTW]* \([^ ]*\) \(lib[^ ]*\)$/  {"\2", (void *) \&\2},/p'\'' -e '\''s/^[ABCDGIRSTW]* \([^ ]*\) \([^ ]*\)$/  {"lib\2", (void *) \&\2},/p'\'''
lt_cv_sys_global_symbol_to_cdecl='sed -n -e '\''s/^T .* \(.*\)$/extern int \1();/p'\'' -e '\''s/^[ABCDGIRSTW]* .* \(.*\)$/extern char \1;/p'\'''
lt_cv_sys_max_cmd_len=1572864
lt_cv_to_host_file_cmd=func_convert_file_noop
lt_cv_to_tool_file_cmd=func_convert_file_noop

## ----------------- ##
## Output variables. ##
## ----------------- ##

ACLOCAL='${SHELL} /usr/local/src/cgminer-vertcoin/cgminer-vertcoin-gpu/compat/jansson-2.5/missing --run aclocal-1.11'
AMDEPBACKSLASH='\'
AMDEP_FALSE='#'
AMDEP_TRUE=''
AMTAR='$${TAR-tar}'
AR='ar'
AUTOCONF='${SHELL} /usr/local/src/cgminer-vertcoin/cgminer-vertcoin-gpu/compat/jansson-2.5/missing --run autoconf'
AUTOHEADER='${SHELL} /usr/local/src/cgminer-vertcoin/cgminer-vertcoin-gpu/compat/jansson-2.5/missing --run autoheader'
AUTOMAKE='${SHELL} /usr/local/src/cgminer-vertcoin/cgminer-vertcoin-gpu/compat/jansson-2.5/missing --run automake-1.11'
AWK='gawk'
CC='gcc'
CCDEPMODE='depmode=gcc3'
CFLAGS='-g -O2'
CPP='gcc -E'
CPPFLAGS=''
CYGPATH_W='echo'
DEFS='-DHAVE_CONFIG_H'
DEPDIR='.deps'
DLLTOOL='false'
DSYMUTIL=''
DUMPBIN=''
ECHO_C=''
ECHO_N='-n'
ECHO_T=''
EGREP='/bin/grep -E'
EXEEXT=''
FGREP='/bin/grep -F'
GCC_FALSE='#'
GCC_TRUE=''
GREP='/bin/grep'
INSTALL_DATA='${INSTALL} -m 644'
INSTALL_PROGRAM='${INSTALL}'
INSTALL_SCRIPT='${INSTALL}'
INSTALL_STRIP_PROGRAM='$(install_sh) -c -s'
LD='/usr/x86_64-pc-linux-gnu/bin/ld -m elf_x86_64'
LDFLAGS=''
LIBOBJS=''
LIBS=''
LIBTOOL='$(SHELL) $(top_builddir)/libtool'
LIPO=''
LN_S='ln -s'
LTLIBOBJS=''
MAKEINFO='${SHELL} /usr/local/src/cgminer-vertcoin/cgminer-vertcoin-gpu/compat/jansson-2.5/missing --run makeinfo'
MANIFEST_TOOL=':'
MKDIR_P='/bin/mkdir -p'
NM='/usr/bin/nm -B'
NMEDIT=''
OBJDUMP='objdump'
OBJEXT='o'
OTOOL64=''
OTOOL=''
PACKAGE='jansson'
PACKAGE_BUGREPORT='petri@digip.org'
PACKAGE_NAME='jansson'
PACKAGE_STRING='jansson 2.5'
PACKAGE_TARNAME='jansson'
PACKAGE_URL=''
PACKAGE_VERSION='2.5'
PATH_SEPARATOR=':'
RANLIB='ranlib'
SED='/bin/sed'
SET_MAKE=''
SHELL='/bin/sh'
STRIP='strip'
VERSION='2.5'
ac_ct_AR='ar'
ac_ct_CC='gcc'
ac_ct_DUMPBIN=''
am__EXEEXT_FALSE=''
am__EXEEXT_TRUE='#'
am__fastdepCC_FALSE='#'
am__fastdepCC_TRUE=''
am__include='include'
am__isrc=''
am__leading_dot='.'
am__nodep='_no'
am__quote=''
am__tar='$${TAR-tar} chof - "$$tardir"'
am__untar='$${TAR-tar} xf -'
bindir='${exec_prefix}/bin'
build='x86_64-unknown-linux-gnu'
build_alias=''
build_cpu='x86_64'
build_os='linux-gnu'
build_vendor='unknown'
datadir='${datarootdir}'
datarootdir='${prefix}/share'
docdir='${datarootdir}/doc/${PACKAGE_TARNAME}'
dvidir='${docdir}'
exec_prefix='${prefix}'
host='x86_64-unknown-linux-gnu'
host_alias=''
host_cpu='x86_64'
host_os='linux-gnu'
host_vendor='unknown'
htmldir='${docdir}'
includedir='${prefix}/include'
infodir='${datarootdir}/info'
install_sh='${SHELL} /usr/local/src/cgminer-vertcoin/cgminer-vertcoin-gpu/compat/jansson-2.5/install-sh'
json_have_localeconv='1'
json_have_long_long='1'
json_inline='inline'
libdir='${exec_prefix}/lib'
libexecdir='${exec_prefix}/libexec'
localedir='${datarootdir}/locale'
localstatedir='${prefix}/var'
mandir='${datarootdir}/man'
mkdir_p='/bin/mkdir -p'
oldincludedir='/usr/include'
pdfdir='${docdir}'
prefix='/usr/local'
program_transform_name='s,x,x,'
psdir='${docdir}'
sbindir='${exec_prefix}/sbin'
sharedstatedir='${prefix}/com'
sysconfdir='${prefix}/etc'
target_alias=''

## ----------- ##
## confdefs.h. ##
## ----------- ##

/* confdefs.h */
#define PACKAGE_NAME "jansson"
#define PACKAGE_TARNAME "jansson"
#define PACKAGE_VERSION "2.5"
#define PACKAGE_STRING "jansson 2.5"
#define PACKAGE_BUGREPORT "petri@digip.org"
#define PACKAGE_URL ""
#define PACKAGE "jansson"
#define VERSION "2.5"
#define STDC_HEADERS 1
#define HAVE_SYS_TYPES_H 1
#define HAVE_SYS_STAT_H 1
#define HAVE_STDLIB_H 1
#define HAVE_STRING_H 1
#define HAVE_MEMORY_H 1
#define HAVE_STRINGS_H 1
#define HAVE_INTTYPES_H 1
#define HAVE_STDINT_H 1
#define HAVE_UNISTD_H 1
#define HAVE_DLFCN_H 1
#define LT_OBJDIR ".libs/"
#define HAVE_LOCALE_H 1
#define HAVE_LONG_LONG_INT 1
#define HAVE_STRTOLL 1
#define HAVE_LOCALECONV 1

configure: exit 0
